<?xml version="1.0" encoding="UTF-8"?>
<!-- Generated by org.testng.reporters.JUnitXMLReporter -->
<testsuite ignored="4" hostname="Nishkarsh" failures="0" tests="1" name="Default test" time="2.257" errors="0" timestamp="2025-06-26T12:51:49 IST">
  <testcase classname="razorpayApi.RazorpayOrderTest" name="cancelPaymentLink" time="2.229"/>
  <testcase classname="razorpayApi.RazorpayOrderTest" name="createPaymentLink" time="0.0">
    <ignored/>
  </testcase> <!-- createPaymentLink -->
  <testcase classname="razorpayApi.RazorpayOrderTest" name="getAllOrders" time="0.0">
    <ignored/>
  </testcase> <!-- getAllOrders -->
  <testcase classname="razorpayApi.RazorpayOrderTest" name="getOrderById" time="0.0">
    <ignored/>
  </testcase> <!-- getOrderById -->
  <testcase classname="razorpayApi.RazorpayOrderTest" name="createOrder" time="0.0">
    <ignored/>
  </testcase> <!-- createOrder -->
</testsuite> <!-- Default test -->
