<?xml version="1.0" encoding="UTF-8"?>
<testng-results ignored="4" total="5" passed="1" failed="0" skipped="0">
  <reporter-output>
  </reporter-output>
  <suite started-at="2025-06-26T12:51:46 IST" name="Default suite" finished-at="2025-06-26T12:51:49 IST" duration-ms="2257">
    <groups>
    </groups>
    <test started-at="2025-06-26T12:51:46 IST" name="Default test" finished-at="2025-06-26T12:51:49 IST" duration-ms="2257">
      <class name="razorpayApi.RazorpayOrderTest">
        <test-method signature="cancelPaymentLink()[pri:0, instance:razorpayApi.RazorpayOrderTest@1b7cc17c]" started-at="2025-06-26T12:51:46 IST" name="cancelPaymentLink" finished-at="2025-06-26T12:51:49 IST" duration-ms="2229" status="PASS">
          <reporter-output>
          </reporter-output>
        </test-method> <!-- cancelPaymentLink -->
      </class> <!-- razorpayApi.RazorpayOrderTest -->
    </test> <!-- Default test -->
  </suite> <!-- Default suite -->
</testng-results>
